  main.cpp
D:\Projetos\Resistor-Game\CG\SelectionBlock.cpp(64,1): warning C4305:  'argument': truncation from 'double' to 'GLfloat'
D:\Projetos\Resistor-Game\CG\SelectionBlock.cpp(72,21): warning C4018:  '<': signed/unsigned mismatch
D:\Projetos\Resistor-Game\CG\SelectionBlock.cpp(104,1): warning C4305:  'argument': truncation from 'double' to 'GLfloat'
D:\Projetos\Resistor-Game\CG\main.cpp(89,29): warning C4305:  '=': truncation from 'double' to 'float'
D:\Projetos\Resistor-Game\CG\main.cpp(90,30): warning C4305:  '=': truncation from 'double' to 'float'
D:\Projetos\Resistor-Game\CG\main.cpp(91,30): warning C4305:  '=': truncation from 'double' to 'float'
D:\Projetos\Resistor-Game\CG\main.cpp(93,29): warning C4305:  '=': truncation from 'double' to 'float'
D:\Projetos\Resistor-Game\CG\main.cpp(94,29): warning C4305:  '=': truncation from 'double' to 'float'
D:\Projetos\Resistor-Game\CG\main.cpp(95,29): warning C4305:  '=': truncation from 'double' to 'float'
D:\Projetos\Resistor-Game\CG\main.cpp(100,30): warning C4305:  '=': truncation from 'double' to 'float'
D:\Projetos\Resistor-Game\CG\main.cpp(101,29): warning C4305:  '=': truncation from 'double' to 'float'
D:\Projetos\Resistor-Game\CG\main.cpp(103,30): warning C4305:  '=': truncation from 'double' to 'float'
D:\Projetos\Resistor-Game\CG\main.cpp(104,29): warning C4305:  '=': truncation from 'double' to 'float'
D:\Projetos\Resistor-Game\CG\main.cpp(106,29): warning C4305:  '=': truncation from 'double' to 'float'
D:\Projetos\Resistor-Game\CG\main.cpp(107,29): warning C4305:  '=': truncation from 'double' to 'float'
D:\Projetos\Resistor-Game\CG\main.cpp(108,29): warning C4305:  '=': truncation from 'double' to 'float'
D:\Projetos\Resistor-Game\CG\main.cpp(117,29): warning C4305:  '=': truncation from 'double' to 'float'
D:\Projetos\Resistor-Game\CG\main.cpp(118,29): warning C4305:  '=': truncation from 'double' to 'float'
D:\Projetos\Resistor-Game\CG\main.cpp(119,29): warning C4305:  '=': truncation from 'double' to 'float'
D:\Projetos\Resistor-Game\CG\main.cpp(129,12): warning C4244:  'argument': conversion from 'time_t' to 'unsigned int', possible loss of data
  CG.vcxproj -> D:\Projetos\Resistor-Game\Debug\CG.exe
